<?xml version="1.0" encoding="UTF-8"?>
<!-- Generated by org.testng.reporters.JUnitReportReporter -->
<testsuite hostname="Himanis-MacBook-Air.local" failures="0" tests="1" name="jira.GetIssue" time="3.683" errors="0" timestamp="2024-04-19T00:06:31 PDT" skipped="0">
  <testcase classname="jira.GetIssue" name="getAnIssueFromJiraDashboard" time="3.683"/>
</testsuite> <!-- jira.GetIssue -->
