<?xml version="1.0" encoding="UTF-8"?>
<!-- Generated by org.testng.reporters.JUnitReportReporter -->
<testsuite hostname="Himanis-MacBook-Air.local" failures="0" tests="1" name="jira.AddAComment" time="2.866" errors="0" timestamp="2024-04-19T00:24:23 PDT" skipped="0">
  <testcase classname="jira.AddAComment" name="addCommentToIssue" time="2.866"/>
</testsuite> <!-- jira.AddAComment -->
