<?xml version="1.0" encoding="UTF-8"?>
<!-- Generated by org.testng.reporters.JUnitReportReporter -->
<testsuite hostname="Himanis-MacBook-Air.local" failures="0" tests="1" name="jira.AddAnAttachment" time="2.317" errors="0" timestamp="2024-04-19T00:10:51 PDT" skipped="0">
  <testcase classname="jira.AddAnAttachment" name="addAnAttachment" time="2.317"/>
</testsuite> <!-- jira.AddAnAttachment -->
